IQ-TREE multicore version 2.0.7 for Mac OS X 64-bit built Jun 17 2020
Developed by Bui Quang Minh, Nguyen Lam Tung, Olga Chernomor,
Heiko Schmidt, Dominik Schrempf, Michael Woodhams.

Host:    tristanpwdennis.local (AVX2, FMA3, 64 GB RAM)
Command: iqtree2 --redo-tree -s cyp9k_allhaps.fas --ufboot 1000
Seed:    86367 (Using SPRNG - Scalable Parallel Random Number Generator)
Time:    Tue Apr 26 16:05:32 2022
Kernel:  AVX+FMA - 1 threads (16 CPU cores detected)

HINT: Use -nt option to specify number of threads because your CPU has 16 cores!
HINT: -nt AUTO will automatically determine the best number of threads to use.

Reading alignment file cyp9k_allhaps.fas ... Fasta format detected
Alignment most likely contains DNA/RNA sequences
Alignment has 628 sequences with 2293 columns, 31 distinct patterns
27 parsimony-informative, 0 singleton sites, 2266 constant sites
           Gap/Ambiguity  Composition  p-value
   1  ind0_h1      0.00%    passed     99.96%
   2  ind0_h2      0.00%    passed     99.98%
   3  ind100_h1    0.00%    passed     99.99%
   4  ind100_h2    0.00%    passed     99.99%
   5  ind101_h1    0.00%    passed     99.94%
   6  ind101_h2    0.00%    passed     99.96%
   7  ind102_h1    0.00%    passed     99.99%
   8  ind102_h2    0.00%    passed     99.97%
   9  ind103_h1    0.00%    passed     99.96%
  10  ind103_h2    0.00%    passed     99.96%
  11  ind104_h1    0.00%    passed     99.99%
  12  ind104_h2    0.00%    passed     99.99%
  13  ind105_h1    0.00%    passed    100.00%
  14  ind105_h2    0.00%    passed     99.99%
  15  ind106_h1    0.00%    passed     99.99%
  16  ind106_h2    0.00%    passed     99.93%
  17  ind107_h1    0.00%    passed    100.00%
  18  ind107_h2    0.00%    passed     99.99%
  19  ind108_h1    0.00%    passed     99.99%
  20  ind108_h2    0.00%    passed     99.99%
  21  ind109_h1    0.00%    passed     99.97%
  22  ind109_h2    0.00%    passed     99.96%
  23  ind10_h1     0.00%    passed     99.99%
  24  ind10_h2     0.00%    passed     99.99%
  25  ind110_h1    0.00%    passed     99.99%
  26  ind110_h2    0.00%    passed     99.99%
  27  ind111_h1    0.00%    passed     99.89%
  28  ind111_h2    0.00%    passed     99.96%
  29  ind112_h1    0.00%    passed     99.89%
  30  ind112_h2    0.00%    passed     99.99%
  31  ind113_h1    0.00%    passed     99.99%
  32  ind113_h2    0.00%    passed     99.99%
  33  ind114_h1    0.00%    passed     99.87%
  34  ind114_h2    0.00%    passed     99.99%
  35  ind115_h1    0.00%    passed     99.97%
  36  ind115_h2    0.00%    passed     99.96%
  37  ind116_h1    0.00%    passed     99.89%
  38  ind116_h2    0.00%    passed     99.96%
  39  ind117_h1    0.00%    passed     99.95%
  40  ind117_h2    0.00%    passed     99.96%
  41  ind118_h1    0.00%    passed     99.99%
  42  ind118_h2    0.00%    passed    100.00%
  43  ind119_h1    0.00%    passed     99.97%
  44  ind119_h2    0.00%    passed     99.97%
  45  ind11_h1     0.00%    passed     99.99%
  46  ind11_h2     0.00%    passed     99.96%
  47  ind120_h1    0.00%    passed     99.96%
  48  ind120_h2    0.00%    passed     99.98%
  49  ind121_h1    0.00%    passed     99.96%
  50  ind121_h2    0.00%    passed     99.96%
  51  ind122_h1    0.00%    passed     99.97%
  52  ind122_h2    0.00%    passed    100.00%
  53  ind123_h1    0.00%    passed     99.99%
  54  ind123_h2    0.00%    passed     99.99%
  55  ind124_h1    0.00%    passed     99.96%
  56  ind124_h2    0.00%    passed     99.99%
  57  ind125_h1    0.00%    passed     99.99%
  58  ind125_h2    0.00%    passed     99.91%
  59  ind126_h1    0.00%    passed     99.99%
  60  ind126_h2    0.00%    passed     99.96%
  61  ind127_h1    0.00%    passed     99.99%
  62  ind127_h2    0.00%    passed     99.99%
  63  ind128_h1    0.00%    passed     99.97%
  64  ind128_h2    0.00%    passed     99.99%
  65  ind129_h1    0.00%    passed     99.99%
  66  ind129_h2    0.00%    passed     99.96%
  67  ind12_h1     0.00%    passed     99.97%
  68  ind12_h2     0.00%    passed     99.96%
  69  ind130_h1    0.00%    passed     99.96%
  70  ind130_h2    0.00%    passed     99.99%
  71  ind131_h1    0.00%    passed     99.91%
  72  ind131_h2    0.00%    passed     99.91%
  73  ind132_h1    0.00%    passed     99.96%
  74  ind132_h2    0.00%    passed     99.97%
  75  ind133_h1    0.00%    passed     99.90%
  76  ind133_h2    0.00%    passed     99.91%
  77  ind134_h1    0.00%    passed     99.99%
  78  ind134_h2    0.00%    passed    100.00%
  79  ind135_h1    0.00%    passed     99.99%
  80  ind135_h2    0.00%    passed     99.99%
  81  ind136_h1    0.00%    passed     99.99%
  82  ind136_h2    0.00%    passed    100.00%
  83  ind137_h1    0.00%    passed     99.99%
  84  ind137_h2    0.00%    passed     99.99%
  85  ind138_h1    0.00%    passed     99.80%
  86  ind138_h2    0.00%    passed     99.91%
  87  ind139_h1    0.00%    passed     99.97%
  88  ind139_h2    0.00%    passed     99.96%
  89  ind13_h1     0.00%    passed     99.99%
  90  ind13_h2     0.00%    passed     99.99%
  91  ind140_h1    0.00%    passed     99.91%
  92  ind140_h2    0.00%    passed     99.95%
  93  ind141_h1    0.00%    passed     99.99%
  94  ind141_h2    0.00%    passed     99.99%
  95  ind142_h1    0.00%    passed     99.99%
  96  ind142_h2    0.00%    passed     99.99%
  97  ind143_h1    0.00%    passed     99.97%
  98  ind143_h2    0.00%    passed     99.99%
  99  ind144_h1    0.00%    passed     99.99%
 100  ind144_h2    0.00%    passed     99.97%
 101  ind145_h1    0.00%    passed     99.99%
 102  ind145_h2    0.00%    passed     99.99%
 103  ind146_h1    0.00%    passed     99.96%
 104  ind146_h2    0.00%    passed     99.99%
 105  ind147_h1    0.00%    passed     99.99%
 106  ind147_h2    0.00%    passed     99.96%
 107  ind148_h1    0.00%    passed     99.96%
 108  ind148_h2    0.00%    passed     99.96%
 109  ind149_h1    0.00%    passed     99.99%
 110  ind149_h2    0.00%    passed     99.99%
 111  ind14_h1     0.00%    passed     99.99%
 112  ind14_h2     0.00%    passed     99.99%
 113  ind150_h1    0.00%    passed     99.99%
 114  ind150_h2    0.00%    passed     99.99%
 115  ind151_h1    0.00%    passed    100.00%
 116  ind151_h2    0.00%    passed     99.96%
 117  ind152_h1    0.00%    passed     99.89%
 118  ind152_h2    0.00%    passed     99.95%
 119  ind153_h1    0.00%    passed     99.96%
 120  ind153_h2    0.00%    passed     99.96%
 121  ind154_h1    0.00%    passed     99.88%
 122  ind154_h2    0.00%    passed     99.99%
 123  ind155_h1    0.00%    passed     99.97%
 124  ind155_h2    0.00%    passed     99.97%
 125  ind156_h1    0.00%    passed     99.90%
 126  ind156_h2    0.00%    passed     99.94%
 127  ind157_h1    0.00%    passed     99.96%
 128  ind157_h2    0.00%    passed     99.96%
 129  ind158_h1    0.00%    passed     99.99%
 130  ind158_h2    0.00%    passed     99.97%
 131  ind159_h1    0.00%    passed     99.99%
 132  ind159_h2    0.00%    passed     99.99%
 133  ind15_h1     0.00%    passed     99.99%
 134  ind15_h2     0.00%    passed     99.99%
 135  ind160_h1    0.00%    passed     99.99%
 136  ind160_h2    0.00%    passed     99.99%
 137  ind161_h1    0.00%    passed     99.77%
 138  ind161_h2    0.00%    passed     99.95%
 139  ind162_h1    0.00%    passed     99.97%
 140  ind162_h2    0.00%    passed     99.96%
 141  ind163_h1    0.00%    passed     99.96%
 142  ind163_h2    0.00%    passed     99.99%
 143  ind164_h1    0.00%    passed     99.99%
 144  ind164_h2    0.00%    passed     99.99%
 145  ind165_h1    0.00%    passed     99.97%
 146  ind165_h2    0.00%    passed     99.82%
 147  ind166_h1    0.00%    passed    100.00%
 148  ind166_h2    0.00%    passed     99.96%
 149  ind167_h1    0.00%    passed    100.00%
 150  ind167_h2    0.00%    passed     99.99%
 151  ind168_h1    0.00%    passed    100.00%
 152  ind168_h2    0.00%    passed    100.00%
 153  ind169_h1    0.00%    passed    100.00%
 154  ind169_h2    0.00%    passed     99.99%
 155  ind16_h1     0.00%    passed     99.87%
 156  ind16_h2     0.00%    passed     99.91%
 157  ind170_h1    0.00%    passed     99.97%
 158  ind170_h2    0.00%    passed     99.95%
 159  ind171_h1    0.00%    passed     99.99%
 160  ind171_h2    0.00%    passed    100.00%
 161  ind172_h1    0.00%    passed     99.96%
 162  ind172_h2    0.00%    passed     99.99%
 163  ind173_h1    0.00%    passed     99.97%
 164  ind173_h2    0.00%    passed     99.97%
 165  ind174_h1    0.00%    passed     99.99%
 166  ind174_h2    0.00%    passed     99.99%
 167  ind175_h1    0.00%    passed     99.97%
 168  ind175_h2    0.00%    passed     99.97%
 169  ind176_h1    0.00%    passed     99.99%
 170  ind176_h2    0.00%    passed     99.99%
 171  ind177_h1    0.00%    passed    100.00%
 172  ind177_h2    0.00%    passed     99.99%
 173  ind178_h1    0.00%    passed     99.92%
 174  ind178_h2    0.00%    passed     99.97%
 175  ind179_h1    0.00%    passed     99.98%
 176  ind179_h2    0.00%    passed     99.96%
 177  ind17_h1     0.00%    passed     99.97%
 178  ind17_h2     0.00%    passed     99.97%
 179  ind180_h1    0.00%    passed     99.96%
 180  ind180_h2    0.00%    passed     99.97%
 181  ind181_h1    0.00%    passed     99.99%
 182  ind181_h2    0.00%    passed     99.99%
 183  ind182_h1    0.00%    passed     99.99%
 184  ind182_h2    0.00%    passed     99.99%
 185  ind183_h1    0.00%    passed     99.99%
 186  ind183_h2    0.00%    passed     99.99%
 187  ind184_h1    0.00%    passed     99.99%
 188  ind184_h2    0.00%    passed     99.99%
 189  ind185_h1    0.00%    passed     99.96%
 190  ind185_h2    0.00%    passed     99.95%
 191  ind186_h1    0.00%    passed     99.95%
 192  ind186_h2    0.00%    passed     99.99%
 193  ind187_h1    0.00%    passed     99.99%
 194  ind187_h2    0.00%    passed     99.99%
 195  ind188_h1    0.00%    passed     99.97%
 196  ind188_h2    0.00%    passed     99.97%
 197  ind189_h1    0.00%    passed     99.96%
 198  ind189_h2    0.00%    passed     99.96%
 199  ind18_h1     0.00%    passed     99.91%
 200  ind18_h2     0.00%    passed     99.87%
 201  ind190_h1    0.00%    passed     99.99%
 202  ind190_h2    0.00%    passed     99.99%
 203  ind191_h1    0.00%    passed     99.99%
 204  ind191_h2    0.00%    passed     99.99%
 205  ind192_h1    0.00%    passed     99.81%
 206  ind192_h2    0.00%    passed     99.91%
 207  ind193_h1    0.00%    passed     99.96%
 208  ind193_h2    0.00%    passed     99.97%
 209  ind194_h1    0.00%    passed     99.99%
 210  ind194_h2    0.00%    passed     99.99%
 211  ind195_h1    0.00%    passed     99.97%
 212  ind195_h2    0.00%    passed     99.97%
 213  ind196_h1    0.00%    passed     99.99%
 214  ind196_h2    0.00%    passed     99.99%
 215  ind197_h1    0.00%    passed     99.96%
 216  ind197_h2    0.00%    passed     99.99%
 217  ind198_h1    0.00%    passed     99.99%
 218  ind198_h2    0.00%    passed     99.97%
 219  ind199_h1    0.00%    passed     99.99%
 220  ind199_h2    0.00%    passed     99.97%
 221  ind19_h1     0.00%    passed     99.90%
 222  ind19_h2     0.00%    passed     99.91%
 223  ind1_h1      0.00%    passed     99.99%
 224  ind1_h2      0.00%    passed     99.99%
 225  ind200_h1    0.00%    passed    100.00%
 226  ind200_h2    0.00%    passed     99.99%
 227  ind201_h1    0.00%    passed     99.99%
 228  ind201_h2    0.00%    passed     99.99%
 229  ind202_h1    0.00%    passed     99.78%
 230  ind202_h2    0.00%    passed     99.99%
 231  ind203_h1    0.00%    passed     99.97%
 232  ind203_h2    0.00%    passed     99.97%
 233  ind204_h1    0.00%    passed     99.99%
 234  ind204_h2    0.00%    passed     99.97%
 235  ind205_h1    0.00%    passed     99.99%
 236  ind205_h2    0.00%    passed    100.00%
 237  ind206_h1    0.00%    passed     99.99%
 238  ind206_h2    0.00%    passed     99.99%
 239  ind207_h1    0.00%    passed    100.00%
 240  ind207_h2    0.00%    passed     99.96%
 241  ind208_h1    0.00%    passed     99.97%
 242  ind208_h2    0.00%    passed     99.96%
 243  ind209_h1    0.00%    passed     99.95%
 244  ind209_h2    0.00%    passed     99.99%
 245  ind20_h1     0.00%    passed     99.99%
 246  ind20_h2     0.00%    passed     99.99%
 247  ind210_h1    0.00%    passed    100.00%
 248  ind210_h2    0.00%    passed     99.96%
 249  ind211_h1    0.00%    passed     99.95%
 250  ind211_h2    0.00%    passed     99.96%
 251  ind212_h1    0.00%    passed     99.96%
 252  ind212_h2    0.00%    passed     99.91%
 253  ind213_h1    0.00%    passed     99.97%
 254  ind213_h2    0.00%    passed     99.95%
 255  ind214_h1    0.00%    passed     99.99%
 256  ind214_h2    0.00%    passed     99.99%
 257  ind215_h1    0.00%    passed     99.99%
 258  ind215_h2    0.00%    passed     99.99%
 259  ind216_h1    0.00%    passed     99.99%
 260  ind216_h2    0.00%    passed     99.99%
 261  ind217_h1    0.00%    passed     99.96%
 262  ind217_h2    0.00%    passed     99.99%
 263  ind218_h1    0.00%    passed     99.95%
 264  ind218_h2    0.00%    passed    100.00%
 265  ind219_h1    0.00%    passed     99.99%
 266  ind219_h2    0.00%    passed     99.99%
 267  ind21_h1     0.00%    passed     99.97%
 268  ind21_h2     0.00%    passed     99.97%
 269  ind220_h1    0.00%    passed     99.99%
 270  ind220_h2    0.00%    passed     99.99%
 271  ind221_h1    0.00%    passed     99.97%
 272  ind221_h2    0.00%    passed    100.00%
 273  ind222_h1    0.00%    passed     99.99%
 274  ind222_h2    0.00%    passed     99.99%
 275  ind223_h1    0.00%    passed     99.99%
 276  ind223_h2    0.00%    passed    100.00%
 277  ind224_h1    0.00%    passed     99.96%
 278  ind224_h2    0.00%    passed     99.97%
 279  ind225_h1    0.00%    passed     99.99%
 280  ind225_h2    0.00%    passed     99.96%
 281  ind226_h1    0.00%    passed     99.96%
 282  ind226_h2    0.00%    passed     99.96%
 283  ind227_h1    0.00%    passed     99.96%
 284  ind227_h2    0.00%    passed     99.96%
 285  ind228_h1    0.00%    passed     99.97%
 286  ind228_h2    0.00%    passed     99.99%
 287  ind229_h1    0.00%    passed     99.96%
 288  ind229_h2    0.00%    passed     99.96%
 289  ind22_h1     0.00%    passed     99.87%
 290  ind22_h2     0.00%    passed     99.99%
 291  ind230_h1    0.00%    passed     99.96%
 292  ind230_h2    0.00%    passed     99.97%
 293  ind231_h1    0.00%    passed     99.90%
 294  ind231_h2    0.00%    passed     99.91%
 295  ind232_h1    0.00%    passed     99.96%
 296  ind232_h2    0.00%    passed     99.98%
 297  ind233_h1    0.00%    passed     99.95%
 298  ind233_h2    0.00%    passed     99.91%
 299  ind234_h1    0.00%    passed     99.97%
 300  ind234_h2    0.00%    passed     99.97%
 301  ind235_h1    0.00%    passed     99.91%
 302  ind235_h2    0.00%    passed     99.97%
 303  ind236_h1    0.00%    passed     99.99%
 304  ind236_h2    0.00%    passed    100.00%
 305  ind237_h1    0.00%    passed     99.89%
 306  ind237_h2    0.00%    passed    100.00%
 307  ind238_h1    0.00%    passed     99.95%
 308  ind238_h2    0.00%    passed     99.97%
 309  ind239_h1    0.00%    passed     99.98%
 310  ind239_h2    0.00%    passed     99.91%
 311  ind23_h1     0.00%    passed     99.97%
 312  ind23_h2     0.00%    passed     99.97%
 313  ind240_h1    0.00%    passed     99.99%
 314  ind240_h2    0.00%    passed     99.99%
 315  ind241_h1    0.00%    passed     99.99%
 316  ind241_h2    0.00%    passed     99.99%
 317  ind242_h1    0.00%    passed     99.99%
 318  ind242_h2    0.00%    passed     99.99%
 319  ind243_h1    0.00%    passed     99.97%
 320  ind243_h2    0.00%    passed     99.97%
 321  ind244_h1    0.00%    passed     99.99%
 322  ind244_h2    0.00%    passed     99.98%
 323  ind245_h1    0.00%    passed     99.87%
 324  ind245_h2    0.00%    passed     99.96%
 325  ind246_h1    0.00%    passed     99.99%
 326  ind246_h2    0.00%    passed     99.99%
 327  ind247_h1    0.00%    passed     99.99%
 328  ind247_h2    0.00%    passed     99.99%
 329  ind248_h1    0.00%    passed    100.00%
 330  ind248_h2    0.00%    passed     99.99%
 331  ind249_h1    0.00%    passed     99.96%
 332  ind249_h2    0.00%    passed     99.97%
 333  ind24_h1     0.00%    passed     99.96%
 334  ind24_h2     0.00%    passed     99.99%
 335  ind250_h1    0.00%    passed     99.96%
 336  ind250_h2    0.00%    passed     99.96%
 337  ind251_h1    0.00%    passed     99.98%
 338  ind251_h2    0.00%    passed     99.99%
 339  ind252_h1    0.00%    passed     99.92%
 340  ind252_h2    0.00%    passed     99.96%
 341  ind253_h1    0.00%    passed    100.00%
 342  ind253_h2    0.00%    passed     99.95%
 343  ind254_h1    0.00%    passed     99.99%
 344  ind254_h2    0.00%    passed     99.99%
 345  ind255_h1    0.00%    passed     99.99%
 346  ind255_h2    0.00%    passed     99.99%
 347  ind256_h1    0.00%    passed     99.99%
 348  ind256_h2    0.00%    passed     99.99%
 349  ind257_h1    0.00%    passed     99.99%
 350  ind257_h2    0.00%    passed    100.00%
 351  ind258_h1    0.00%    passed     99.96%
 352  ind258_h2    0.00%    passed     99.96%
 353  ind259_h1    0.00%    passed     99.99%
 354  ind259_h2    0.00%    passed     99.99%
 355  ind25_h1     0.00%    passed     99.99%
 356  ind25_h2     0.00%    passed     99.99%
 357  ind260_h1    0.00%    passed     99.99%
 358  ind260_h2    0.00%    passed     99.90%
 359  ind261_h1    0.00%    passed     99.99%
 360  ind261_h2    0.00%    passed     99.99%
 361  ind262_h1    0.00%    passed     99.91%
 362  ind262_h2    0.00%    passed     99.91%
 363  ind263_h1    0.00%    passed     99.97%
 364  ind263_h2    0.00%    passed     99.93%
 365  ind264_h1    0.00%    passed     99.97%
 366  ind264_h2    0.00%    passed     99.97%
 367  ind265_h1    0.00%    passed     99.99%
 368  ind265_h2    0.00%    passed     99.99%
 369  ind266_h1    0.00%    passed     99.97%
 370  ind266_h2    0.00%    passed     99.97%
 371  ind267_h1    0.00%    passed     99.97%
 372  ind267_h2    0.00%    passed     99.97%
 373  ind268_h1    0.00%    passed     99.99%
 374  ind268_h2    0.00%    passed     99.91%
 375  ind269_h1    0.00%    passed     99.96%
 376  ind269_h2    0.00%    passed     99.96%
 377  ind26_h1     0.00%    passed     99.96%
 378  ind26_h2     0.00%    passed     99.96%
 379  ind270_h1    0.00%    passed     99.99%
 380  ind270_h2    0.00%    passed     99.99%
 381  ind271_h1    0.00%    passed     99.95%
 382  ind271_h2    0.00%    passed     99.95%
 383  ind272_h1    0.00%    passed    100.00%
 384  ind272_h2    0.00%    passed     99.99%
 385  ind273_h1    0.00%    passed     99.99%
 386  ind273_h2    0.00%    passed    100.00%
 387  ind274_h1    0.00%    passed     99.99%
 388  ind274_h2    0.00%    passed     99.99%
 389  ind275_h1    0.00%    passed     99.91%
 390  ind275_h2    0.00%    passed     99.91%
 391  ind276_h1    0.00%    passed     99.99%
 392  ind276_h2    0.00%    passed     99.99%
 393  ind277_h1    0.00%    passed     99.99%
 394  ind277_h2    0.00%    passed     99.99%
 395  ind278_h1    0.00%    passed     99.97%
 396  ind278_h2    0.00%    passed     99.96%
 397  ind279_h1    0.00%    passed     99.97%
 398  ind279_h2    0.00%    passed     99.97%
 399  ind27_h1     0.00%    passed     99.99%
 400  ind27_h2     0.00%    passed     99.99%
 401  ind280_h1    0.00%    passed     99.93%
 402  ind280_h2    0.00%    passed     99.91%
 403  ind281_h1    0.00%    passed     99.97%
 404  ind281_h2    0.00%    passed     99.96%
 405  ind282_h1    0.00%    passed     99.99%
 406  ind282_h2    0.00%    passed     99.99%
 407  ind283_h1    0.00%    passed     99.99%
 408  ind283_h2    0.00%    passed    100.00%
 409  ind284_h1    0.00%    passed     99.97%
 410  ind284_h2    0.00%    passed     99.97%
 411  ind285_h1    0.00%    passed     99.99%
 412  ind285_h2    0.00%    passed     99.97%
 413  ind286_h1    0.00%    passed     99.99%
 414  ind286_h2    0.00%    passed     99.99%
 415  ind287_h1    0.00%    passed    100.00%
 416  ind287_h2    0.00%    passed    100.00%
 417  ind288_h1    0.00%    passed     99.99%
 418  ind288_h2    0.00%    passed     99.99%
 419  ind289_h1    0.00%    passed     99.96%
 420  ind289_h2    0.00%    passed     99.99%
 421  ind28_h1     0.00%    passed     99.97%
 422  ind28_h2     0.00%    passed    100.00%
 423  ind290_h1    0.00%    passed     99.96%
 424  ind290_h2    0.00%    passed     99.96%
 425  ind291_h1    0.00%    passed     99.96%
 426  ind291_h2    0.00%    passed     99.94%
 427  ind292_h1    0.00%    passed     99.99%
 428  ind292_h2    0.00%    passed     99.99%
 429  ind293_h1    0.00%    passed     99.97%
 430  ind293_h2    0.00%    passed     99.96%
 431  ind294_h1    0.00%    passed     99.97%
 432  ind294_h2    0.00%    passed     99.96%
 433  ind295_h1    0.00%    passed     99.97%
 434  ind295_h2    0.00%    passed     99.99%
 435  ind296_h1    0.00%    passed     99.99%
 436  ind296_h2    0.00%    passed     99.99%
 437  ind297_h1    0.00%    passed     99.87%
 438  ind297_h2    0.00%    passed     99.97%
 439  ind298_h1    0.00%    passed     99.99%
 440  ind298_h2    0.00%    passed    100.00%
 441  ind299_h1    0.00%    passed     99.96%
 442  ind299_h2    0.00%    passed     99.96%
 443  ind29_h1     0.00%    passed     99.96%
 444  ind29_h2     0.00%    passed     99.92%
 445  ind2_h1      0.00%    passed     99.99%
 446  ind2_h2      0.00%    passed     99.99%
 447  ind300_h1    0.00%    passed     99.97%
 448  ind300_h2    0.00%    passed     99.96%
 449  ind301_h1    0.00%    passed     99.97%
 450  ind301_h2    0.00%    passed     99.88%
 451  ind302_h1    0.00%    passed     99.97%
 452  ind302_h2    0.00%    passed     99.96%
 453  ind303_h1    0.00%    passed     99.94%
 454  ind303_h2    0.00%    passed     99.97%
 455  ind304_h1    0.00%    passed     99.99%
 456  ind304_h2    0.00%    passed     99.96%
 457  ind305_h1    0.00%    passed     99.97%
 458  ind305_h2    0.00%    passed     99.96%
 459  ind306_h1    0.00%    passed     99.99%
 460  ind306_h2    0.00%    passed     99.99%
 461  ind307_h1    0.00%    passed     99.82%
 462  ind307_h2    0.00%    passed     99.97%
 463  ind308_h1    0.00%    passed     99.96%
 464  ind308_h2    0.00%    passed     99.97%
 465  ind309_h1    0.00%    passed     99.99%
 466  ind309_h2    0.00%    passed     99.99%
 467  ind30_h1     0.00%    passed     99.96%
 468  ind30_h2     0.00%    passed     99.97%
 469  ind310_h1    0.00%    passed     99.98%
 470  ind310_h2    0.00%    passed     99.99%
 471  ind311_h1    0.00%    passed     99.98%
 472  ind311_h2    0.00%    passed     99.99%
 473  ind312_h1    0.00%    passed     99.97%
 474  ind312_h2    0.00%    passed     99.99%
 475  ind313_h1    0.00%    passed    100.00%
 476  ind313_h2    0.00%    passed    100.00%
 477  ind31_h1     0.00%    passed     99.96%
 478  ind31_h2     0.00%    passed     99.96%
 479  ind32_h1     0.00%    passed     99.96%
 480  ind32_h2     0.00%    passed     99.98%
 481  ind33_h1     0.00%    passed     99.99%
 482  ind33_h2     0.00%    passed     99.96%
 483  ind34_h1     0.00%    passed     99.97%
 484  ind34_h2     0.00%    passed     99.99%
 485  ind35_h1     0.00%    passed     99.96%
 486  ind35_h2     0.00%    passed     99.84%
 487  ind36_h1     0.00%    passed     99.99%
 488  ind36_h2     0.00%    passed     99.99%
 489  ind37_h1     0.00%    passed     99.99%
 490  ind37_h2     0.00%    passed     99.97%
 491  ind38_h1     0.00%    passed     99.99%
 492  ind38_h2     0.00%    passed     99.99%
 493  ind39_h1     0.00%    passed     99.99%
 494  ind39_h2     0.00%    passed    100.00%
 495  ind3_h1      0.00%    passed     99.99%
 496  ind3_h2      0.00%    passed     99.96%
 497  ind40_h1     0.00%    passed     99.98%
 498  ind40_h2     0.00%    passed     99.96%
 499  ind41_h1     0.00%    passed     99.97%
 500  ind41_h2     0.00%    passed     99.97%
 501  ind42_h1     0.00%    passed     99.92%
 502  ind42_h2     0.00%    passed     99.97%
 503  ind43_h1     0.00%    passed     99.99%
 504  ind43_h2     0.00%    passed     99.99%
 505  ind44_h1     0.00%    passed     99.96%
 506  ind44_h2     0.00%    passed     99.97%
 507  ind45_h1     0.00%    passed     99.99%
 508  ind45_h2     0.00%    passed     99.99%
 509  ind46_h1     0.00%    passed     99.96%
 510  ind46_h2     0.00%    passed     99.97%
 511  ind47_h1     0.00%    passed     99.97%
 512  ind47_h2     0.00%    passed     99.97%
 513  ind48_h1     0.00%    passed     99.99%
 514  ind48_h2     0.00%    passed     99.99%
 515  ind49_h1     0.00%    passed    100.00%
 516  ind49_h2     0.00%    passed     99.99%
 517  ind4_h1      0.00%    passed     99.99%
 518  ind4_h2      0.00%    passed     99.99%
 519  ind50_h1     0.00%    passed     99.99%
 520  ind50_h2     0.00%    passed     99.99%
 521  ind51_h1     0.00%    passed     99.95%
 522  ind51_h2     0.00%    passed     99.99%
 523  ind52_h1     0.00%    passed     99.99%
 524  ind52_h2     0.00%    passed     99.99%
 525  ind53_h1     0.00%    passed     99.99%
 526  ind53_h2     0.00%    passed     99.99%
 527  ind54_h1     0.00%    passed     99.99%
 528  ind54_h2     0.00%    passed     99.99%
 529  ind55_h1     0.00%    passed    100.00%
 530  ind55_h2     0.00%    passed     99.82%
 531  ind56_h1     0.00%    passed    100.00%
 532  ind56_h2     0.00%    passed     99.99%
 533  ind57_h1     0.00%    passed     99.96%
 534  ind57_h2     0.00%    passed     99.99%
 535  ind58_h1     0.00%    passed     99.99%
 536  ind58_h2     0.00%    passed     99.97%
 537  ind59_h1     0.00%    passed    100.00%
 538  ind59_h2     0.00%    passed     99.95%
 539  ind5_h1      0.00%    passed     99.97%
 540  ind5_h2      0.00%    passed     99.81%
 541  ind60_h1     0.00%    passed     99.99%
 542  ind60_h2     0.00%    passed     99.96%
 543  ind61_h1     0.00%    passed     99.97%
 544  ind61_h2     0.00%    passed     99.82%
 545  ind62_h1     0.00%    passed     99.91%
 546  ind62_h2     0.00%    passed     99.96%
 547  ind63_h1     0.00%    passed     99.91%
 548  ind63_h2     0.00%    passed     99.96%
 549  ind64_h1     0.00%    passed     99.99%
 550  ind64_h2     0.00%    passed     99.99%
 551  ind65_h1     0.00%    passed    100.00%
 552  ind65_h2     0.00%    passed     99.99%
 553  ind66_h1     0.00%    passed     99.97%
 554  ind66_h2     0.00%    passed     99.97%
 555  ind67_h1     0.00%    passed     99.96%
 556  ind67_h2     0.00%    passed     99.96%
 557  ind68_h1     0.00%    passed     99.96%
 558  ind68_h2     0.00%    passed     99.99%
 559  ind69_h1     0.00%    passed    100.00%
 560  ind69_h2     0.00%    passed     99.95%
 561  ind6_h1      0.00%    passed     99.97%
 562  ind6_h2      0.00%    passed     99.96%
 563  ind70_h1     0.00%    passed     99.97%
 564  ind70_h2     0.00%    passed     99.96%
 565  ind71_h1     0.00%    passed     99.96%
 566  ind71_h2     0.00%    passed     99.84%
 567  ind72_h1     0.00%    passed     99.96%
 568  ind72_h2     0.00%    passed     99.97%
 569  ind73_h1     0.00%    passed     99.99%
 570  ind73_h2     0.00%    passed     99.99%
 571  ind74_h1     0.00%    passed     99.97%
 572  ind74_h2     0.00%    passed     99.91%
 573  ind75_h1     0.00%    passed     99.97%
 574  ind75_h2     0.00%    passed     99.97%
 575  ind76_h1     0.00%    passed     99.99%
 576  ind76_h2     0.00%    passed     99.99%
 577  ind77_h1     0.00%    passed     99.99%
 578  ind77_h2     0.00%    passed     99.99%
 579  ind78_h1     0.00%    passed     99.97%
 580  ind78_h2     0.00%    passed     99.97%
 581  ind79_h1     0.00%    passed     99.99%
 582  ind79_h2     0.00%    passed    100.00%
 583  ind7_h1      0.00%    passed     99.97%
 584  ind7_h2      0.00%    passed     99.97%
 585  ind80_h1     0.00%    passed     99.97%
 586  ind80_h2     0.00%    passed     99.96%
 587  ind81_h1     0.00%    passed     99.99%
 588  ind81_h2     0.00%    passed     99.81%
 589  ind82_h1     0.00%    passed     99.97%
 590  ind82_h2     0.00%    passed     99.97%
 591  ind83_h1     0.00%    passed    100.00%
 592  ind83_h2     0.00%    passed     99.99%
 593  ind84_h1     0.00%    passed     99.99%
 594  ind84_h2     0.00%    passed     99.94%
 595  ind85_h1     0.00%    passed     99.97%
 596  ind85_h2     0.00%    passed     99.98%
 597  ind86_h1     0.00%    passed     99.99%
 598  ind86_h2     0.00%    passed     99.96%
 599  ind87_h1     0.00%    passed     99.96%
 600  ind87_h2     0.00%    passed     99.99%
 601  ind88_h1     0.00%    passed     99.95%
 602  ind88_h2     0.00%    passed     99.99%
 603  ind89_h1     0.00%    passed     99.99%
 604  ind89_h2     0.00%    passed     99.97%
 605  ind8_h1      0.00%    passed     99.97%
 606  ind8_h2      0.00%    passed     99.97%
 607  ind90_h1     0.00%    passed     99.69%
 608  ind90_h2     0.00%    passed     99.95%
 609  ind91_h1     0.00%    passed     99.99%
 610  ind91_h2     0.00%    passed     99.99%
 611  ind92_h1     0.00%    passed     99.99%
 612  ind92_h2     0.00%    passed    100.00%
 613  ind93_h1     0.00%    passed     99.99%
 614  ind93_h2     0.00%    passed     99.99%
 615  ind94_h1     0.00%    passed     99.99%
 616  ind94_h2     0.00%    passed     99.99%
 617  ind95_h1     0.00%    passed     99.98%
 618  ind95_h2     0.00%    passed     99.96%
 619  ind96_h1     0.00%    passed     99.99%
 620  ind96_h2     0.00%    passed    100.00%
 621  ind97_h1     0.00%    passed     99.97%
 622  ind97_h2     0.00%    passed     99.97%
 623  ind98_h1     0.00%    passed     99.99%
 624  ind98_h2     0.00%    passed     99.99%
 625  ind99_h1     0.00%    passed     99.97%
 626  ind99_h2     0.00%    passed     99.99%
 627  ind9_h1      0.00%    passed     99.99%
 628  ind9_h2      0.00%    passed     99.99%
****  TOTAL        0.00%  0 sequences failed composition chi2 test (p-value<5%; df=3)
NOTE: ind101_h2 is identical to ind0_h1 but kept for subsequent analysis
NOTE: ind120_h2 is identical to ind0_h2 but kept for subsequent analysis
NOTE: ind108_h2 is identical to ind100_h1 but kept for subsequent analysis
NOTE: ind104_h1 is identical to ind100_h2 but kept for subsequent analysis
NOTE: ind291_h2 is identical to ind101_h1 but kept for subsequent analysis
NOTE: ind115_h1 is identical to ind102_h2 but kept for subsequent analysis
NOTE: ind118_h2 is identical to ind105_h1 but kept for subsequent analysis
NOTE: ind130_h2 is identical to ind106_h1 but kept for subsequent analysis
NOTE: ind168_h2 is identical to ind107_h1 but kept for subsequent analysis
NOTE: ind114_h2 is identical to ind107_h2 but kept for subsequent analysis
NOTE: ind204_h2 is identical to ind109_h1 but kept for subsequent analysis
NOTE: ind116_h1 is identical to ind111_h1 but kept for subsequent analysis
NOTE: ind127_h1 is identical to ind113_h1 but kept for subsequent analysis
NOTE: ind245_h1 is identical to ind114_h1 but kept for subsequent analysis
NOTE: ind124_h1 is identical to ind117_h2 but kept for subsequent analysis
NOTE: ind131_h1 is identical to ind125_h2 but kept for subsequent analysis
NOTE: ind186_h2 is identical to ind128_h2 but kept for subsequent analysis
NOTE: ind87_h2 is identical to ind129_h1 but kept for subsequent analysis
NOTE: ind238_h2 is identical to ind132_h2 but kept for subsequent analysis
NOTE: ind156_h1 is identical to ind133_h1 but kept for subsequent analysis
NOTE: ind177_h1 is identical to ind134_h2 but kept for subsequent analysis
NOTE: ind212_h2 is identical to ind138_h2 but kept for subsequent analysis
NOTE: ind213_h1 is identical to ind143_h1 but kept for subsequent analysis
NOTE: ind285_h1 is identical to ind144_h1 but kept for subsequent analysis
NOTE: ind67_h2 is identical to ind146_h1 but kept for subsequent analysis
NOTE: ind233_h1 is identical to ind152_h2 but kept for subsequent analysis
NOTE: ind209_h1 is identical to ind161_h2 but kept for subsequent analysis
NOTE: ind307_h1 is identical to ind165_h2 but kept for subsequent analysis
NOTE: ind218_h2 is identical to ind166_h1 but kept for subsequent analysis
NOTE: ind171_h2 is identical to ind169_h1 but kept for subsequent analysis
NOTE: ind238_h1 is identical to ind170_h2 but kept for subsequent analysis
NOTE: ind211_h1 is identical to ind185_h2 but kept for subsequent analysis
NOTE: ind198_h1 is identical to ind187_h1 but kept for subsequent analysis
NOTE: ind66_h2 is identical to ind193_h2 but kept for subsequent analysis
NOTE: ind267_h1 is identical to ind199_h2 but kept for subsequent analysis
NOTE: ind28_h2 is identical to ind210_h1 but kept for subsequent analysis
NOTE: ind218_h1 is identical to ind213_h2 but kept for subsequent analysis
NOTE: ind295_h2 is identical to ind244_h1 but kept for subsequent analysis
NOTE: ind273_h2 is identical to ind248_h1 but kept for subsequent analysis
NOTE: ind29_h2 is identical to ind252_h1 but kept for subsequent analysis
NOTE: ind27_h1 is identical to ind255_h2 but kept for subsequent analysis
NOTE: ind74_h1 is identical to ind267_h2 but kept for subsequent analysis
NOTE: ind71_h2 is identical to ind35_h2 but kept for subsequent analysis
NOTE: ind81_h2 is identical to ind5_h2 but kept for subsequent analysis
NOTE: 460 identical sequences (see below) will be ignored for subsequent analysis
NOTE: ind103_h1 (identical to ind0_h1) is ignored but added at the end
NOTE: ind103_h2 (identical to ind0_h1) is ignored but added at the end
NOTE: ind109_h2 (identical to ind0_h1) is ignored but added at the end
NOTE: ind111_h2 (identical to ind0_h1) is ignored but added at the end
NOTE: ind115_h2 (identical to ind0_h1) is ignored but added at the end
NOTE: ind116_h2 (identical to ind0_h1) is ignored but added at the end
NOTE: ind120_h1 (identical to ind0_h1) is ignored but added at the end
NOTE: ind121_h2 (identical to ind0_h1) is ignored but added at the end
NOTE: ind129_h2 (identical to ind0_h1) is ignored but added at the end
NOTE: ind12_h2 (identical to ind0_h1) is ignored but added at the end
NOTE: ind130_h1 (identical to ind0_h1) is ignored but added at the end
NOTE: ind139_h2 (identical to ind0_h1) is ignored but added at the end
NOTE: ind148_h1 (identical to ind0_h1) is ignored but added at the end
NOTE: ind148_h2 (identical to ind0_h1) is ignored but added at the end
NOTE: ind151_h2 (identical to ind0_h1) is ignored but added at the end
NOTE: ind153_h1 (identical to ind0_h1) is ignored but added at the end
NOTE: ind153_h2 (identical to ind0_h1) is ignored but added at the end
NOTE: ind157_h1 (identical to ind0_h1) is ignored but added at the end
NOTE: ind157_h2 (identical to ind0_h1) is ignored but added at the end
NOTE: ind162_h2 (identical to ind0_h1) is ignored but added at the end
NOTE: ind163_h1 (identical to ind0_h1) is ignored but added at the end
NOTE: ind166_h2 (identical to ind0_h1) is ignored but added at the end
NOTE: ind179_h2 (identical to ind0_h1) is ignored but added at the end
NOTE: ind180_h1 (identical to ind0_h1) is ignored but added at the end
NOTE: ind185_h1 (identical to ind0_h1) is ignored but added at the end
NOTE: ind189_h1 (identical to ind0_h1) is ignored but added at the end
NOTE: ind189_h2 (identical to ind0_h1) is ignored but added at the end
NOTE: ind193_h1 (identical to ind0_h1) is ignored but added at the end
NOTE: ind207_h2 (identical to ind0_h1) is ignored but added at the end
NOTE: ind208_h2 (identical to ind0_h1) is ignored but added at the end
NOTE: ind211_h2 (identical to ind0_h1) is ignored but added at the end
NOTE: ind224_h1 (identical to ind0_h1) is ignored but added at the end
NOTE: ind225_h2 (identical to ind0_h1) is ignored but added at the end
NOTE: ind226_h1 (identical to ind0_h1) is ignored but added at the end
NOTE: ind226_h2 (identical to ind0_h1) is ignored but added at the end
NOTE: ind227_h1 (identical to ind0_h1) is ignored but added at the end
NOTE: ind227_h2 (identical to ind0_h1) is ignored but added at the end
NOTE: ind229_h1 (identical to ind0_h1) is ignored but added at the end
NOTE: ind229_h2 (identical to ind0_h1) is ignored but added at the end
NOTE: ind230_h1 (identical to ind0_h1) is ignored but added at the end
NOTE: ind232_h1 (identical to ind0_h1) is ignored but added at the end
NOTE: ind245_h2 (identical to ind0_h1) is ignored but added at the end
NOTE: ind249_h1 (identical to ind0_h1) is ignored but added at the end
NOTE: ind24_h1 (identical to ind0_h1) is ignored but added at the end
NOTE: ind250_h1 (identical to ind0_h1) is ignored but added at the end
NOTE: ind250_h2 (identical to ind0_h1) is ignored but added at the end
NOTE: ind252_h2 (identical to ind0_h1) is ignored but added at the end
NOTE: ind258_h1 (identical to ind0_h1) is ignored but added at the end
NOTE: ind258_h2 (identical to ind0_h1) is ignored but added at the end
NOTE: ind269_h1 (identical to ind0_h1) is ignored but added at the end
NOTE: ind269_h2 (identical to ind0_h1) is ignored but added at the end
NOTE: ind26_h1 (identical to ind0_h1) is ignored but added at the end
NOTE: ind278_h2 (identical to ind0_h1) is ignored but added at the end
NOTE: ind281_h2 (identical to ind0_h1) is ignored but added at the end
NOTE: ind289_h1 (identical to ind0_h1) is ignored but added at the end
NOTE: ind290_h2 (identical to ind0_h1) is ignored but added at the end
NOTE: ind291_h1 (identical to ind0_h1) is ignored but added at the end
NOTE: ind293_h2 (identical to ind0_h1) is ignored but added at the end
NOTE: ind294_h2 (identical to ind0_h1) is ignored but added at the end
NOTE: ind299_h1 (identical to ind0_h1) is ignored but added at the end
NOTE: ind299_h2 (identical to ind0_h1) is ignored but added at the end
NOTE: ind29_h1 (identical to ind0_h1) is ignored but added at the end
NOTE: ind300_h2 (identical to ind0_h1) is ignored but added at the end
NOTE: ind302_h2 (identical to ind0_h1) is ignored but added at the end
NOTE: ind304_h2 (identical to ind0_h1) is ignored but added at the end
NOTE: ind305_h2 (identical to ind0_h1) is ignored but added at the end
NOTE: ind308_h1 (identical to ind0_h1) is ignored but added at the end
NOTE: ind30_h1 (identical to ind0_h1) is ignored but added at the end
NOTE: ind31_h1 (identical to ind0_h1) is ignored but added at the end
NOTE: ind31_h2 (identical to ind0_h1) is ignored but added at the end
NOTE: ind32_h1 (identical to ind0_h1) is ignored but added at the end
NOTE: ind33_h2 (identical to ind0_h1) is ignored but added at the end
NOTE: ind35_h1 (identical to ind0_h1) is ignored but added at the end
NOTE: ind40_h2 (identical to ind0_h1) is ignored but added at the end
NOTE: ind44_h1 (identical to ind0_h1) is ignored but added at the end
NOTE: ind46_h1 (identical to ind0_h1) is ignored but added at the end
NOTE: ind57_h1 (identical to ind0_h1) is ignored but added at the end
NOTE: ind67_h1 (identical to ind0_h1) is ignored but added at the end
NOTE: ind6_h2 (identical to ind0_h1) is ignored but added at the end
NOTE: ind70_h2 (identical to ind0_h1) is ignored but added at the end
NOTE: ind71_h1 (identical to ind0_h1) is ignored but added at the end
NOTE: ind72_h1 (identical to ind0_h1) is ignored but added at the end
NOTE: ind80_h2 (identical to ind0_h1) is ignored but added at the end
NOTE: ind87_h1 (identical to ind0_h1) is ignored but added at the end
NOTE: ind95_h2 (identical to ind0_h1) is ignored but added at the end
NOTE: ind179_h1 (identical to ind0_h2) is ignored but added at the end
NOTE: ind239_h1 (identical to ind0_h2) is ignored but added at the end
NOTE: ind244_h2 (identical to ind0_h2) is ignored but added at the end
NOTE: ind251_h1 (identical to ind0_h2) is ignored but added at the end
NOTE: ind310_h1 (identical to ind0_h2) is ignored but added at the end
NOTE: ind311_h1 (identical to ind0_h2) is ignored but added at the end
NOTE: ind40_h1 (identical to ind0_h2) is ignored but added at the end
NOTE: ind85_h2 (identical to ind0_h2) is ignored but added at the end
NOTE: ind95_h1 (identical to ind0_h2) is ignored but added at the end
NOTE: ind110_h1 (identical to ind100_h1) is ignored but added at the end
NOTE: ind112_h2 (identical to ind100_h1) is ignored but added at the end
NOTE: ind141_h1 (identical to ind100_h1) is ignored but added at the end
NOTE: ind14_h1 (identical to ind100_h1) is ignored but added at the end
NOTE: ind190_h1 (identical to ind100_h1) is ignored but added at the end
NOTE: ind196_h1 (identical to ind100_h1) is ignored but added at the end
NOTE: ind260_h1 (identical to ind100_h1) is ignored but added at the end
NOTE: ind45_h1 (identical to ind100_h1) is ignored but added at the end
NOTE: ind89_h1 (identical to ind100_h1) is ignored but added at the end
NOTE: ind91_h1 (identical to ind100_h1) is ignored but added at the end
NOTE: ind104_h2 (identical to ind100_h2) is ignored but added at the end
NOTE: ind105_h2 (identical to ind100_h2) is ignored but added at the end
NOTE: ind108_h1 (identical to ind100_h2) is ignored but added at the end
NOTE: ind10_h1 (identical to ind100_h2) is ignored but added at the end
NOTE: ind10_h2 (identical to ind100_h2) is ignored but added at the end
NOTE: ind110_h2 (identical to ind100_h2) is ignored but added at the end
NOTE: ind113_h2 (identical to ind100_h2) is ignored but added at the end
NOTE: ind118_h1 (identical to ind100_h2) is ignored but added at the end
NOTE: ind123_h1 (identical to ind100_h2) is ignored but added at the end
NOTE: ind123_h2 (identical to ind100_h2) is ignored but added at the end
NOTE: ind124_h2 (identical to ind100_h2) is ignored but added at the end
NOTE: ind126_h1 (identical to ind100_h2) is ignored but added at the end
NOTE: ind127_h2 (identical to ind100_h2) is ignored but added at the end
NOTE: ind134_h1 (identical to ind100_h2) is ignored but added at the end
NOTE: ind135_h1 (identical to ind100_h2) is ignored but added at the end
NOTE: ind135_h2 (identical to ind100_h2) is ignored but added at the end
NOTE: ind136_h1 (identical to ind100_h2) is ignored but added at the end
NOTE: ind137_h1 (identical to ind100_h2) is ignored but added at the end
NOTE: ind137_h2 (identical to ind100_h2) is ignored but added at the end
NOTE: ind13_h1 (identical to ind100_h2) is ignored but added at the end
NOTE: ind13_h2 (identical to ind100_h2) is ignored but added at the end
NOTE: ind141_h2 (identical to ind100_h2) is ignored but added at the end
NOTE: ind142_h1 (identical to ind100_h2) is ignored but added at the end
NOTE: ind142_h2 (identical to ind100_h2) is ignored but added at the end
NOTE: ind145_h1 (identical to ind100_h2) is ignored but added at the end
NOTE: ind145_h2 (identical to ind100_h2) is ignored but added at the end
NOTE: ind147_h1 (identical to ind100_h2) is ignored but added at the end
NOTE: ind149_h2 (identical to ind100_h2) is ignored but added at the end
NOTE: ind14_h2 (identical to ind100_h2) is ignored but added at the end
NOTE: ind150_h1 (identical to ind100_h2) is ignored but added at the end
NOTE: ind150_h2 (identical to ind100_h2) is ignored but added at the end
NOTE: ind159_h1 (identical to ind100_h2) is ignored but added at the end
NOTE: ind159_h2 (identical to ind100_h2) is ignored but added at the end
NOTE: ind15_h1 (identical to ind100_h2) is ignored but added at the end
NOTE: ind15_h2 (identical to ind100_h2) is ignored but added at the end
NOTE: ind160_h1 (identical to ind100_h2) is ignored but added at the end
NOTE: ind160_h2 (identical to ind100_h2) is ignored but added at the end
NOTE: ind164_h1 (identical to ind100_h2) is ignored but added at the end
NOTE: ind167_h2 (identical to ind100_h2) is ignored but added at the end
NOTE: ind169_h2 (identical to ind100_h2) is ignored but added at the end
NOTE: ind171_h1 (identical to ind100_h2) is ignored but added at the end
NOTE: ind172_h2 (identical to ind100_h2) is ignored but added at the end
NOTE: ind174_h1 (identical to ind100_h2) is ignored but added at the end
NOTE: ind176_h1 (identical to ind100_h2) is ignored but added at the end
NOTE: ind176_h2 (identical to ind100_h2) is ignored but added at the end
NOTE: ind177_h2 (identical to ind100_h2) is ignored but added at the end
NOTE: ind181_h1 (identical to ind100_h2) is ignored but added at the end
NOTE: ind181_h2 (identical to ind100_h2) is ignored but added at the end
NOTE: ind183_h1 (identical to ind100_h2) is ignored but added at the end
NOTE: ind184_h1 (identical to ind100_h2) is ignored but added at the end
NOTE: ind184_h2 (identical to ind100_h2) is ignored but added at the end
NOTE: ind187_h2 (identical to ind100_h2) is ignored but added at the end
NOTE: ind190_h2 (identical to ind100_h2) is ignored but added at the end
NOTE: ind191_h1 (identical to ind100_h2) is ignored but added at the end
NOTE: ind191_h2 (identical to ind100_h2) is ignored but added at the end
NOTE: ind194_h1 (identical to ind100_h2) is ignored but added at the end
NOTE: ind196_h2 (identical to ind100_h2) is ignored but added at the end
NOTE: ind197_h2 (identical to ind100_h2) is ignored but added at the end
NOTE: ind199_h1 (identical to ind100_h2) is ignored but added at the end
NOTE: ind1_h1 (identical to ind100_h2) is ignored but added at the end
NOTE: ind1_h2 (identical to ind100_h2) is ignored but added at the end
NOTE: ind200_h2 (identical to ind100_h2) is ignored but added at the end
NOTE: ind201_h1 (identical to ind100_h2) is ignored but added at the end
NOTE: ind202_h2 (identical to ind100_h2) is ignored but added at the end
NOTE: ind206_h1 (identical to ind100_h2) is ignored but added at the end
NOTE: ind206_h2 (identical to ind100_h2) is ignored but added at the end
NOTE: ind209_h2 (identical to ind100_h2) is ignored but added at the end
NOTE: ind20_h1 (identical to ind100_h2) is ignored but added at the end
NOTE: ind20_h2 (identical to ind100_h2) is ignored but added at the end
NOTE: ind214_h1 (identical to ind100_h2) is ignored but added at the end
NOTE: ind214_h2 (identical to ind100_h2) is ignored but added at the end
NOTE: ind215_h1 (identical to ind100_h2) is ignored but added at the end
NOTE: ind215_h2 (identical to ind100_h2) is ignored but added at the end
NOTE: ind216_h1 (identical to ind100_h2) is ignored but added at the end
NOTE: ind216_h2 (identical to ind100_h2) is ignored but added at the end
NOTE: ind217_h2 (identical to ind100_h2) is ignored but added at the end
NOTE: ind219_h1 (identical to ind100_h2) is ignored but added at the end
NOTE: ind219_h2 (identical to ind100_h2) is ignored but added at the end
NOTE: ind220_h1 (identical to ind100_h2) is ignored but added at the end
NOTE: ind220_h2 (identical to ind100_h2) is ignored but added at the end
NOTE: ind222_h1 (identical to ind100_h2) is ignored but added at the end
NOTE: ind222_h2 (identical to ind100_h2) is ignored but added at the end
NOTE: ind228_h2 (identical to ind100_h2) is ignored but added at the end
NOTE: ind240_h1 (identical to ind100_h2) is ignored but added at the end
NOTE: ind240_h2 (identical to ind100_h2) is ignored but added at the end
NOTE: ind241_h1 (identical to ind100_h2) is ignored but added at the end
NOTE: ind241_h2 (identical to ind100_h2) is ignored but added at the end
NOTE: ind242_h1 (identical to ind100_h2) is ignored but added at the end
NOTE: ind242_h2 (identical to ind100_h2) is ignored but added at the end
NOTE: ind246_h1 (identical to ind100_h2) is ignored but added at the end
NOTE: ind246_h2 (identical to ind100_h2) is ignored but added at the end
NOTE: ind247_h1 (identical to ind100_h2) is ignored but added at the end
NOTE: ind247_h2 (identical to ind100_h2) is ignored but added at the end
NOTE: ind248_h2 (identical to ind100_h2) is ignored but added at the end
NOTE: ind255_h1 (identical to ind100_h2) is ignored but added at the end
NOTE: ind256_h1 (identical to ind100_h2) is ignored but added at the end
NOTE: ind256_h2 (identical to ind100_h2) is ignored but added at the end
NOTE: ind257_h1 (identical to ind100_h2) is ignored but added at the end
NOTE: ind259_h2 (identical to ind100_h2) is ignored but added at the end
NOTE: ind25_h1 (identical to ind100_h2) is ignored but added at the end
NOTE: ind261_h1 (identical to ind100_h2) is ignored but added at the end
NOTE: ind261_h2 (identical to ind100_h2) is ignored but added at the end
NOTE: ind265_h1 (identical to ind100_h2) is ignored but added at the end
NOTE: ind265_h2 (identical to ind100_h2) is ignored but added at the end
NOTE: ind270_h1 (identical to ind100_h2) is ignored but added at the end
NOTE: ind270_h2 (identical to ind100_h2) is ignored but added at the end
NOTE: ind272_h2 (identical to ind100_h2) is ignored but added at the end
NOTE: ind273_h1 (identical to ind100_h2) is ignored but added at the end
NOTE: ind274_h1 (identical to ind100_h2) is ignored but added at the end
NOTE: ind274_h2 (identical to ind100_h2) is ignored but added at the end
NOTE: ind276_h1 (identical to ind100_h2) is ignored but added at the end
NOTE: ind276_h2 (identical to ind100_h2) is ignored but added at the end
NOTE: ind277_h1 (identical to ind100_h2) is ignored but added at the end
NOTE: ind277_h2 (identical to ind100_h2) is ignored but added at the end
NOTE: ind27_h2 (identical to ind100_h2) is ignored but added at the end
NOTE: ind282_h1 (identical to ind100_h2) is ignored but added at the end
NOTE: ind282_h2 (identical to ind100_h2) is ignored but added at the end
NOTE: ind283_h1 (identical to ind100_h2) is ignored but added at the end
NOTE: ind286_h1 (identical to ind100_h2) is ignored but added at the end
NOTE: ind286_h2 (identical to ind100_h2) is ignored but added at the end
NOTE: ind288_h1 (identical to ind100_h2) is ignored but added at the end
NOTE: ind292_h2 (identical to ind100_h2) is ignored but added at the end
NOTE: ind296_h1 (identical to ind100_h2) is ignored but added at the end
NOTE: ind296_h2 (identical to ind100_h2) is ignored but added at the end
NOTE: ind298_h1 (identical to ind100_h2) is ignored but added at the end
NOTE: ind2_h1 (identical to ind100_h2) is ignored but added at the end
NOTE: ind2_h2 (identical to ind100_h2) is ignored but added at the end
NOTE: ind306_h2 (identical to ind100_h2) is ignored but added at the end
NOTE: ind309_h1 (identical to ind100_h2) is ignored but added at the end
NOTE: ind309_h2 (identical to ind100_h2) is ignored but added at the end
NOTE: ind36_h1 (identical to ind100_h2) is ignored but added at the end
NOTE: ind36_h2 (identical to ind100_h2) is ignored but added at the end
NOTE: ind37_h1 (identical to ind100_h2) is ignored but added at the end
NOTE: ind38_h1 (identical to ind100_h2) is ignored but added at the end
NOTE: ind38_h2 (identical to ind100_h2) is ignored but added at the end
NOTE: ind39_h1 (identical to ind100_h2) is ignored but added at the end
NOTE: ind3_h1 (identical to ind100_h2) is ignored but added at the end
NOTE: ind43_h1 (identical to ind100_h2) is ignored but added at the end
NOTE: ind43_h2 (identical to ind100_h2) is ignored but added at the end
NOTE: ind45_h2 (identical to ind100_h2) is ignored but added at the end
NOTE: ind48_h1 (identical to ind100_h2) is ignored but added at the end
NOTE: ind49_h2 (identical to ind100_h2) is ignored but added at the end
NOTE: ind4_h1 (identical to ind100_h2) is ignored but added at the end
NOTE: ind4_h2 (identical to ind100_h2) is ignored but added at the end
NOTE: ind50_h1 (identical to ind100_h2) is ignored but added at the end
NOTE: ind50_h2 (identical to ind100_h2) is ignored but added at the end
NOTE: ind51_h2 (identical to ind100_h2) is ignored but added at the end
NOTE: ind52_h1 (identical to ind100_h2) is ignored but added at the end
NOTE: ind52_h2 (identical to ind100_h2) is ignored but added at the end
NOTE: ind53_h1 (identical to ind100_h2) is ignored but added at the end
NOTE: ind54_h1 (identical to ind100_h2) is ignored but added at the end
NOTE: ind54_h2 (identical to ind100_h2) is ignored but added at the end
NOTE: ind56_h2 (identical to ind100_h2) is ignored but added at the end
NOTE: ind60_h1 (identical to ind100_h2) is ignored but added at the end
NOTE: ind64_h1 (identical to ind100_h2) is ignored but added at the end
NOTE: ind64_h2 (identical to ind100_h2) is ignored but added at the end
NOTE: ind65_h2 (identical to ind100_h2) is ignored but added at the end
NOTE: ind68_h2 (identical to ind100_h2) is ignored but added at the end
NOTE: ind73_h1 (identical to ind100_h2) is ignored but added at the end
NOTE: ind73_h2 (identical to ind100_h2) is ignored but added at the end
NOTE: ind76_h1 (identical to ind100_h2) is ignored but added at the end
NOTE: ind76_h2 (identical to ind100_h2) is ignored but added at the end
NOTE: ind77_h1 (identical to ind100_h2) is ignored but added at the end
NOTE: ind77_h2 (identical to ind100_h2) is ignored but added at the end
NOTE: ind79_h1 (identical to ind100_h2) is ignored but added at the end
NOTE: ind83_h2 (identical to ind100_h2) is ignored but added at the end
NOTE: ind86_h1 (identical to ind100_h2) is ignored but added at the end
NOTE: ind88_h2 (identical to ind100_h2) is ignored but added at the end
NOTE: ind91_h2 (identical to ind100_h2) is ignored but added at the end
NOTE: ind92_h1 (identical to ind100_h2) is ignored but added at the end
NOTE: ind93_h2 (identical to ind100_h2) is ignored but added at the end
NOTE: ind94_h1 (identical to ind100_h2) is ignored but added at the end
NOTE: ind94_h2 (identical to ind100_h2) is ignored but added at the end
NOTE: ind96_h1 (identical to ind100_h2) is ignored but added at the end
NOTE: ind98_h1 (identical to ind100_h2) is ignored but added at the end
NOTE: ind98_h2 (identical to ind100_h2) is ignored but added at the end
NOTE: ind99_h2 (identical to ind100_h2) is ignored but added at the end
NOTE: ind9_h1 (identical to ind100_h2) is ignored but added at the end
NOTE: ind9_h2 (identical to ind100_h2) is ignored but added at the end
NOTE: ind119_h1 (identical to ind102_h2) is ignored but added at the end
NOTE: ind119_h2 (identical to ind102_h2) is ignored but added at the end
NOTE: ind122_h1 (identical to ind102_h2) is ignored but added at the end
NOTE: ind128_h1 (identical to ind102_h2) is ignored but added at the end
NOTE: ind12_h1 (identical to ind102_h2) is ignored but added at the end
NOTE: ind139_h1 (identical to ind102_h2) is ignored but added at the end
NOTE: ind144_h2 (identical to ind102_h2) is ignored but added at the end
NOTE: ind155_h1 (identical to ind102_h2) is ignored but added at the end
NOTE: ind155_h2 (identical to ind102_h2) is ignored but added at the end
NOTE: ind158_h2 (identical to ind102_h2) is ignored but added at the end
NOTE: ind162_h1 (identical to ind102_h2) is ignored but added at the end
NOTE: ind165_h1 (identical to ind102_h2) is ignored but added at the end
NOTE: ind173_h1 (identical to ind102_h2) is ignored but added at the end
NOTE: ind175_h1 (identical to ind102_h2) is ignored but added at the end
NOTE: ind175_h2 (identical to ind102_h2) is ignored but added at the end
NOTE: ind178_h2 (identical to ind102_h2) is ignored but added at the end
NOTE: ind17_h1 (identical to ind102_h2) is ignored but added at the end
NOTE: ind17_h2 (identical to ind102_h2) is ignored but added at the end
NOTE: ind180_h2 (identical to ind102_h2) is ignored but added at the end
NOTE: ind188_h1 (identical to ind102_h2) is ignored but added at the end
NOTE: ind188_h2 (identical to ind102_h2) is ignored but added at the end
NOTE: ind195_h1 (identical to ind102_h2) is ignored but added at the end
NOTE: ind195_h2 (identical to ind102_h2) is ignored but added at the end
NOTE: ind198_h2 (identical to ind102_h2) is ignored but added at the end
NOTE: ind203_h1 (identical to ind102_h2) is ignored but added at the end
NOTE: ind203_h2 (identical to ind102_h2) is ignored but added at the end
NOTE: ind208_h1 (identical to ind102_h2) is ignored but added at the end
NOTE: ind21_h1 (identical to ind102_h2) is ignored but added at the end
NOTE: ind21_h2 (identical to ind102_h2) is ignored but added at the end
NOTE: ind221_h1 (identical to ind102_h2) is ignored but added at the end
NOTE: ind224_h2 (identical to ind102_h2) is ignored but added at the end
NOTE: ind234_h1 (identical to ind102_h2) is ignored but added at the end
NOTE: ind234_h2 (identical to ind102_h2) is ignored but added at the end
NOTE: ind23_h1 (identical to ind102_h2) is ignored but added at the end
NOTE: ind23_h2 (identical to ind102_h2) is ignored but added at the end
NOTE: ind243_h1 (identical to ind102_h2) is ignored but added at the end
NOTE: ind243_h2 (identical to ind102_h2) is ignored but added at the end
NOTE: ind249_h2 (identical to ind102_h2) is ignored but added at the end
NOTE: ind264_h1 (identical to ind102_h2) is ignored but added at the end
NOTE: ind264_h2 (identical to ind102_h2) is ignored but added at the end
NOTE: ind266_h1 (identical to ind102_h2) is ignored but added at the end
NOTE: ind266_h2 (identical to ind102_h2) is ignored but added at the end
NOTE: ind278_h1 (identical to ind102_h2) is ignored but added at the end
NOTE: ind279_h1 (identical to ind102_h2) is ignored but added at the end
NOTE: ind279_h2 (identical to ind102_h2) is ignored but added at the end
NOTE: ind281_h1 (identical to ind102_h2) is ignored but added at the end
NOTE: ind284_h1 (identical to ind102_h2) is ignored but added at the end
NOTE: ind284_h2 (identical to ind102_h2) is ignored but added at the end
NOTE: ind285_h2 (identical to ind102_h2) is ignored but added at the end
NOTE: ind293_h1 (identical to ind102_h2) is ignored but added at the end
NOTE: ind294_h1 (identical to ind102_h2) is ignored but added at the end
NOTE: ind295_h1 (identical to ind102_h2) is ignored but added at the end
NOTE: ind300_h1 (identical to ind102_h2) is ignored but added at the end
NOTE: ind301_h1 (identical to ind102_h2) is ignored but added at the end
NOTE: ind302_h1 (identical to ind102_h2) is ignored but added at the end
NOTE: ind305_h1 (identical to ind102_h2) is ignored but added at the end
NOTE: ind307_h2 (identical to ind102_h2) is ignored but added at the end
NOTE: ind308_h2 (identical to ind102_h2) is ignored but added at the end
NOTE: ind30_h2 (identical to ind102_h2) is ignored but added at the end
NOTE: ind312_h1 (identical to ind102_h2) is ignored but added at the end
NOTE: ind41_h1 (identical to ind102_h2) is ignored but added at the end
NOTE: ind41_h2 (identical to ind102_h2) is ignored but added at the end
NOTE: ind42_h2 (identical to ind102_h2) is ignored but added at the end
NOTE: ind44_h2 (identical to ind102_h2) is ignored but added at the end
NOTE: ind46_h2 (identical to ind102_h2) is ignored but added at the end
NOTE: ind47_h1 (identical to ind102_h2) is ignored but added at the end
NOTE: ind47_h2 (identical to ind102_h2) is ignored but added at the end
NOTE: ind58_h2 (identical to ind102_h2) is ignored but added at the end
NOTE: ind5_h1 (identical to ind102_h2) is ignored but added at the end
NOTE: ind66_h1 (identical to ind102_h2) is ignored but added at the end
NOTE: ind6_h1 (identical to ind102_h2) is ignored but added at the end
NOTE: ind70_h1 (identical to ind102_h2) is ignored but added at the end
NOTE: ind72_h2 (identical to ind102_h2) is ignored but added at the end
NOTE: ind75_h1 (identical to ind102_h2) is ignored but added at the end
NOTE: ind75_h2 (identical to ind102_h2) is ignored but added at the end
NOTE: ind78_h1 (identical to ind102_h2) is ignored but added at the end
NOTE: ind78_h2 (identical to ind102_h2) is ignored but added at the end
NOTE: ind7_h1 (identical to ind102_h2) is ignored but added at the end
NOTE: ind7_h2 (identical to ind102_h2) is ignored but added at the end
NOTE: ind80_h1 (identical to ind102_h2) is ignored but added at the end
NOTE: ind82_h1 (identical to ind102_h2) is ignored but added at the end
NOTE: ind82_h2 (identical to ind102_h2) is ignored but added at the end
NOTE: ind85_h1 (identical to ind102_h2) is ignored but added at the end
NOTE: ind89_h2 (identical to ind102_h2) is ignored but added at the end
NOTE: ind8_h1 (identical to ind102_h2) is ignored but added at the end
NOTE: ind8_h2 (identical to ind102_h2) is ignored but added at the end
NOTE: ind97_h1 (identical to ind102_h2) is ignored but added at the end
NOTE: ind97_h2 (identical to ind102_h2) is ignored but added at the end
NOTE: ind122_h2 (identical to ind105_h1) is ignored but added at the end
NOTE: ind167_h1 (identical to ind105_h1) is ignored but added at the end
NOTE: ind168_h1 (identical to ind105_h1) is ignored but added at the end
NOTE: ind79_h2 (identical to ind105_h1) is ignored but added at the end
NOTE: ind83_h1 (identical to ind105_h1) is ignored but added at the end
NOTE: ind96_h2 (identical to ind105_h1) is ignored but added at the end
NOTE: ind154_h2 (identical to ind106_h1) is ignored but added at the end
NOTE: ind163_h2 (identical to ind106_h1) is ignored but added at the end
NOTE: ind182_h1 (identical to ind106_h1) is ignored but added at the end
NOTE: ind223_h1 (identical to ind106_h1) is ignored but added at the end
NOTE: ind251_h2 (identical to ind106_h1) is ignored but added at the end
NOTE: ind205_h2 (identical to ind107_h1) is ignored but added at the end
NOTE: ind149_h1 (identical to ind107_h2) is ignored but added at the end
NOTE: ind158_h1 (identical to ind107_h2) is ignored but added at the end
NOTE: ind164_h2 (identical to ind107_h2) is ignored but added at the end
NOTE: ind174_h2 (identical to ind107_h2) is ignored but added at the end
NOTE: ind194_h2 (identical to ind107_h2) is ignored but added at the end
NOTE: ind204_h1 (identical to ind107_h2) is ignored but added at the end
NOTE: ind24_h2 (identical to ind107_h2) is ignored but added at the end
NOTE: ind288_h2 (identical to ind107_h2) is ignored but added at the end
NOTE: ind306_h1 (identical to ind107_h2) is ignored but added at the end
NOTE: ind312_h2 (identical to ind107_h2) is ignored but added at the end
NOTE: ind237_h1 (identical to ind111_h1) is ignored but added at the end
NOTE: ind126_h2 (identical to ind117_h2) is ignored but added at the end
NOTE: ind147_h2 (identical to ind117_h2) is ignored but added at the end
NOTE: ind172_h1 (identical to ind117_h2) is ignored but added at the end
NOTE: ind197_h1 (identical to ind117_h2) is ignored but added at the end
NOTE: ind217_h1 (identical to ind117_h2) is ignored but added at the end
NOTE: ind3_h2 (identical to ind117_h2) is ignored but added at the end
NOTE: ind60_h2 (identical to ind117_h2) is ignored but added at the end
NOTE: ind68_h1 (identical to ind117_h2) is ignored but added at the end
NOTE: ind86_h2 (identical to ind117_h2) is ignored but added at the end
NOTE: ind131_h2 (identical to ind125_h2) is ignored but added at the end
NOTE: ind133_h2 (identical to ind125_h2) is ignored but added at the end
NOTE: ind140_h1 (identical to ind125_h2) is ignored but added at the end
NOTE: ind18_h1 (identical to ind125_h2) is ignored but added at the end
NOTE: ind192_h2 (identical to ind125_h2) is ignored but added at the end
NOTE: ind19_h2 (identical to ind125_h2) is ignored but added at the end
NOTE: ind231_h2 (identical to ind125_h2) is ignored but added at the end
NOTE: ind233_h2 (identical to ind125_h2) is ignored but added at the end
NOTE: ind235_h1 (identical to ind125_h2) is ignored but added at the end
NOTE: ind262_h1 (identical to ind125_h2) is ignored but added at the end
NOTE: ind262_h2 (identical to ind125_h2) is ignored but added at the end
NOTE: ind268_h2 (identical to ind125_h2) is ignored but added at the end
NOTE: ind275_h1 (identical to ind125_h2) is ignored but added at the end
NOTE: ind275_h2 (identical to ind125_h2) is ignored but added at the end
NOTE: ind62_h1 (identical to ind125_h2) is ignored but added at the end
NOTE: ind63_h1 (identical to ind125_h2) is ignored but added at the end
NOTE: ind74_h2 (identical to ind125_h2) is ignored but added at the end
NOTE: ind205_h1 (identical to ind128_h2) is ignored but added at the end
NOTE: ind225_h1 (identical to ind128_h2) is ignored but added at the end
NOTE: ind304_h1 (identical to ind128_h2) is ignored but added at the end
NOTE: ind34_h2 (identical to ind128_h2) is ignored but added at the end
NOTE: ind303_h2 (identical to ind132_h2) is ignored but added at the end
NOTE: ind231_h1 (identical to ind133_h1) is ignored but added at the end
NOTE: ind260_h2 (identical to ind133_h1) is ignored but added at the end
NOTE: ind200_h1 (identical to ind134_h2) is ignored but added at the end
NOTE: ind221_h2 (identical to ind134_h2) is ignored but added at the end
NOTE: ind257_h2 (identical to ind134_h2) is ignored but added at the end
NOTE: ind272_h1 (identical to ind134_h2) is ignored but added at the end
NOTE: ind313_h1 (identical to ind134_h2) is ignored but added at the end
NOTE: ind39_h2 (identical to ind134_h2) is ignored but added at the end
NOTE: ind49_h1 (identical to ind134_h2) is ignored but added at the end
NOTE: ind55_h1 (identical to ind134_h2) is ignored but added at the end
NOTE: ind65_h1 (identical to ind134_h2) is ignored but added at the end
NOTE: ind92_h2 (identical to ind134_h2) is ignored but added at the end
NOTE: ind271_h2 (identical to ind152_h2) is ignored but added at the end
NOTE: ind271_h1 (identical to ind161_h2) is ignored but added at the end
NOTE: ind51_h1 (identical to ind161_h2) is ignored but added at the end
NOTE: ind287_h1 (identical to ind166_h1) is ignored but added at the end
NOTE: ind287_h2 (identical to ind166_h1) is ignored but added at the end
NOTE: ind59_h2 (identical to ind170_h2) is ignored but added at the end
NOTE: ind201_h2 (identical to ind187_h1) is ignored but added at the end
NOTE: ind259_h1 (identical to ind187_h1) is ignored but added at the end
NOTE: ind25_h2 (identical to ind187_h1) is ignored but added at the end
NOTE: ind292_h1 (identical to ind187_h1) is ignored but added at the end
NOTE: ind48_h2 (identical to ind187_h1) is ignored but added at the end
NOTE: ind53_h2 (identical to ind187_h1) is ignored but added at the end
NOTE: ind93_h1 (identical to ind187_h1) is ignored but added at the end
NOTE: ind297_h2 (identical to ind199_h2) is ignored but added at the end
NOTE: ind37_h2 (identical to ind199_h2) is ignored but added at the end
NOTE: ind61_h1 (identical to ind199_h2) is ignored but added at the end
NOTE: ind99_h1 (identical to ind199_h2) is ignored but added at the end
NOTE: ind69_h2 (identical to ind213_h2) is ignored but added at the end
NOTE: ind310_h2 (identical to ind244_h1) is ignored but added at the end
NOTE: ind311_h2 (identical to ind244_h1) is ignored but added at the end
NOTE: ind283_h2 (identical to ind248_h1) is ignored but added at the end
NOTE: ind298_h2 (identical to ind248_h1) is ignored but added at the end
NOTE: ind56_h1 (identical to ind248_h1) is ignored but added at the end
Alignment was printed to cyp9k_allhaps.fas.uniqueseq.phy

For your convenience alignment with unique sequences printed to cyp9k_allhaps.fas.uniqueseq.phy

NOTE: Restoring information from model checkpoint file cyp9k_allhaps.fas.model.gz

CHECKPOINT: Initial tree restored
Perform fast likelihood tree search using GTR+I+G model...
CHECKPOINT: Tree restored, LogL: -4162.292
NOTE: ModelFinder requires 2 MB RAM!
ModelFinder will test up to 286 DNA models (sample size: 2293) ...
 No. Model         -LnL         df  AIC          AICc         BIC
  1  GTR+F         4828.468     341 10338.935    10458.486    12295.462
  2  GTR+F+I       4164.411     342 9012.823     9133.137     10975.087
  3  GTR+F+G4      4595.708     342 9875.415     9995.729     11837.680
  4  GTR+F+I+G4    4160.452     343 9006.904     9127.984     10974.907
  5  GTR+F+R2      4200.277     343 9086.553     9207.633     11054.555
  6  GTR+F+R3      4181.469     345 9052.939     9175.558     11032.416
  7  GTR+F+R4      4178.945     347 9051.890     9176.061     11042.843
 15  SYM+I         4181.038     339 9040.076     9158.110     10985.128
 17  SYM+I+G4      4177.221     340 9034.443     9153.234     10985.232
 28  TVM+F+I       4164.583     341 9011.166     9130.717     10967.693
 30  TVM+F+I+G4    4160.483     342 9004.966     9125.280     10967.231
 41  TVMe+I        4181.158     338 9038.316     9155.595     10977.630
 43  TVMe+I+G4     4177.329     339 9032.658     9150.692     10977.710
 54  TIM3+F+I      4165.356     340 9010.712     9129.503     10961.501
 56  TIM3+F+I+G4   4161.483     341 9004.966     9124.517     10961.493
 67  TIM3e+I       4181.617     337 9037.234     9153.762     10970.811
 69  TIM3e+I+G4    4177.830     338 9031.661     9148.940     10970.975
 80  TIM2+F+I      4165.144     340 9010.287     9129.078     10961.077
 82  TIM2+F+I+G4   4161.204     341 9004.408     9123.959     10960.935
 93  TIM2e+I       4181.276     337 9036.551     9153.079     10970.128
 95  TIM2e+I+G4    4177.545     338 9031.091     9148.370     10970.405
106  TIM+F+I       4166.059     340 9012.118     9130.909     10962.908
108  TIM+F+I+G4    4162.245     341 9006.489     9126.040     10963.016
119  TIMe+I        4181.840     337 9037.680     9154.208     10971.256
121  TIMe+I+G4     4178.113     338 9032.227     9149.506     10971.541
132  TPM3u+F+I     4165.526     339 9009.052     9127.085     10954.103
134  TPM3u+F+I+G4  4161.514     340 9003.028     9121.819     10953.817
145  TPM3+F+I      4165.526     339 9009.051     9127.085     10954.103
147  TPM3+F+I+G4   4161.515     340 9003.029     9121.820     10953.819
158  TPM2u+F+I     4165.319     339 9008.637     9126.671     10953.689
160  TPM2u+F+I+G4  4161.248     340 9002.496     9121.287     10953.285
171  TPM2+F+I      4165.317     339 9008.635     9126.668     10953.686
173  TPM2+F+I+G4   4161.249     340 9002.498     9121.289     10953.287
184  K3Pu+F+I      4166.241     339 9010.482     9128.516     10955.534
186  K3Pu+F+I+G4   4162.285     340 9004.569     9123.360     10955.359
197  K3P+I         4181.963     336 9035.926     9151.705     10963.765
199  K3P+I+G4      4178.191     337 9030.383     9146.911     10963.960
210  TN+F+I        4166.073     339 9010.146     9128.179     10955.197
212  TN+F+I+G4     4162.254     340 9004.508     9123.299     10955.297
223  TNe+I         4181.844     336 9035.687     9151.466     10963.526
225  TNe+I+G4      4178.114     337 9030.229     9146.756     10963.805
236  HKY+F+I       4166.254     338 9008.508     9125.788     10947.823
238  HKY+F+I+G4    4162.292     339 9002.585     9120.618     10947.637
249  K2P+I         4181.968     335 9033.936     9148.969     10956.037
251  K2P+I+G4      4178.194     336 9028.388     9144.167     10956.227
262  F81+F+I       4214.148     337 9102.296     9218.824     11035.872
264  F81+F+I+G4    4210.377     338 9096.755     9214.034     11036.069
275  JC+I          4229.403     334 9126.806     9241.096     11043.170
277  JC+I+G4       4225.658     335 9121.316     9236.349     11043.417
Akaike Information Criterion:           TPM2u+F+I+G4
Corrected Akaike Information Criterion: HKY+F+I+G4
Bayesian Information Criterion:         HKY+F+I+G4
Best-fit model: HKY+F+I+G4 chosen according to BIC

All model information printed to cyp9k_allhaps.fas.model.gz
CPU time for ModelFinder: 0.042 seconds (0h:0m:0s)
Wall-clock time for ModelFinder: 0.044 seconds (0h:0m:0s)
Generating 1000 samples for ultrafast bootstrap (seed: 86367)...

NOTE: 0 MB RAM (0 GB) is required!
Estimate model parameters (epsilon = 0.100)
Thoroughly optimizing +I+G parameters from 10 start values...
Init pinv, alpha: 0.000, 0.095 / Estimate: 0.000, 0.020 / LogL: -4598.612
Init pinv, alpha: 0.110, 0.095 / Estimate: 0.954, 0.085 / LogL: -4162.013
Init pinv, alpha: 0.220, 0.095 / Estimate: 0.953, 0.085 / LogL: -4162.048
Init pinv, alpha: 0.329, 0.095 / Estimate: 0.954, 0.085 / LogL: -4162.019
Init pinv, alpha: 0.439, 0.095 / Estimate: 0.953, 0.085 / LogL: -4162.056
Init pinv, alpha: 0.549, 0.095 / Estimate: 0.953, 0.085 / LogL: -4162.070
Init pinv, alpha: 0.659, 0.095 / Estimate: 0.953, 0.084 / LogL: -4162.089
Init pinv, alpha: 0.769, 0.095 / Estimate: 0.954, 0.085 / LogL: -4162.096
Init pinv, alpha: 0.878, 0.095 / Estimate: 0.954, 0.086 / LogL: -4162.125
Init pinv, alpha: 0.988, 0.095 / Estimate: 0.964, 0.107 / LogL: -4163.530
Optimal pinv,alpha: 0.954, 0.085 / LogL: -4162.013

Parameters optimization took 2.429 sec
Computing ML distances based on estimated model parameters... 0.672 sec
Computing BIONJ tree...
0.020 seconds
Log-likelihood of BIONJ tree: -4193.339
--------------------------------------------------------------------
|             INITIALIZING CANDIDATE TREE SET                      |
--------------------------------------------------------------------
Generating 98 parsimony trees... 0.916 second
Computing log-likelihood of 98 initial trees ... 0.417 seconds
Current best score: -4161.529

Do NNI search on 20 best initial trees
Estimate model parameters (epsilon = 0.100)
BETTER TREE FOUND at iteration 1: -4157.422
Iteration 10 / LogL: -4166.772 / Time: 0h:0m:7s
Estimate model parameters (epsilon = 0.100)
BETTER TREE FOUND at iteration 11: -4153.344
Estimate model parameters (epsilon = 0.100)
BETTER TREE FOUND at iteration 18: -4152.678
Iteration 20 / LogL: -4162.433 / Time: 0h:0m:10s
Finish initializing candidate tree set (20)
Current best tree score: -4152.678 / CPU time: 7.533
Number of iterations: 20
--------------------------------------------------------------------
|               OPTIMIZING CANDIDATE TREE SET                      |
--------------------------------------------------------------------
Estimate model parameters (epsilon = 0.100)
BETTER TREE FOUND at iteration 22: -4149.503
Iteration 30 / LogL: -4164.866 / Time: 0h:0m:13s (0h:0m:41s left)
Estimate model parameters (epsilon = 0.100)
BETTER TREE FOUND at iteration 36: -4145.851
Estimate model parameters (epsilon = 0.100)
BETTER TREE FOUND at iteration 40: -4145.663
Iteration 40 / LogL: -4145.663 / Time: 0h:0m:15s (0h:0m:40s left)
Estimate model parameters (epsilon = 0.100)
BETTER TREE FOUND at iteration 49: -4145.499
Iteration 50 / LogL: -4145.787 / Time: 0h:0m:18s (0h:0m:37s left)
Log-likelihood cutoff on original alignment: -4184.204
Iteration 60 / LogL: -4154.715 / Time: 0h:0m:21s (0h:0m:32s left)
Estimate model parameters (epsilon = 0.100)
BETTER TREE FOUND at iteration 68: -4145.341
Iteration 70 / LogL: -4146.783 / Time: 0h:0m:24s (0h:0m:34s left)
Estimate model parameters (epsilon = 0.100)
BETTER TREE FOUND at iteration 72: -4145.137
Estimate model parameters (epsilon = 0.100)
BETTER TREE FOUND at iteration 74: -4144.271
Estimate model parameters (epsilon = 0.100)
BETTER TREE FOUND at iteration 79: -4143.689
Iteration 80 / LogL: -4146.510 / Time: 0h:0m:27s (0h:0m:34s left)
Estimate model parameters (epsilon = 0.100)
BETTER TREE FOUND at iteration 81: -4143.616
Estimate model parameters (epsilon = 0.100)
BETTER TREE FOUND at iteration 82: -4143.373
Estimate model parameters (epsilon = 0.100)
BETTER TREE FOUND at iteration 87: -4142.537
Estimate model parameters (epsilon = 0.100)
BETTER TREE FOUND at iteration 89: -4142.497
Iteration 90 / LogL: -4143.674 / Time: 0h:0m:30s (0h:0m:33s left)
Iteration 100 / LogL: -4145.426 / Time: 0h:0m:32s (0h:0m:29s left)
Log-likelihood cutoff on original alignment: -4184.204
NOTE: Bootstrap correlation coefficient of split occurrence frequencies: 0.968
NOTE: UFBoot does not converge, continue at least 100 more iterations
Estimate model parameters (epsilon = 0.100)
BETTER TREE FOUND at iteration 106: -4141.828
Estimate model parameters (epsilon = 0.100)
BETTER TREE FOUND at iteration 109: -4141.081
Iteration 110 / LogL: -4154.142 / Time: 0h:0m:36s (0h:0m:32s left)
Estimate model parameters (epsilon = 0.100)
BETTER TREE FOUND at iteration 115: -4138.951
Iteration 120 / LogL: -4141.945 / Time: 0h:0m:39s (0h:0m:31s left)
Iteration 130 / LogL: -4141.199 / Time: 0h:0m:41s (0h:0m:27s left)
Estimate model parameters (epsilon = 0.100)
BETTER TREE FOUND at iteration 131: -4138.237
Iteration 140 / LogL: -4145.242 / Time: 0h:0m:44s (0h:0m:29s left)
Estimate model parameters (epsilon = 0.100)
BETTER TREE FOUND at iteration 146: -4136.917
Iteration 150 / LogL: -4138.200 / Time: 0h:0m:47s (0h:0m:30s left)
Log-likelihood cutoff on original alignment: -4184.204
Iteration 160 / LogL: -4144.789 / Time: 0h:0m:50s (0h:0m:27s left)
Iteration 170 / LogL: -4139.345 / Time: 0h:0m:53s (0h:0m:23s left)
Estimate model parameters (epsilon = 0.100)
BETTER TREE FOUND at iteration 172: -4136.399
Estimate model parameters (epsilon = 0.100)
BETTER TREE FOUND at iteration 176: -4134.694
Iteration 180 / LogL: -4146.045 / Time: 0h:0m:55s (0h:0m:29s left)
Estimate model parameters (epsilon = 0.100)
BETTER TREE FOUND at iteration 181: -4134.469
Iteration 190 / LogL: -4138.430 / Time: 0h:0m:58s (0h:0m:28s left)
Iteration 200 / LogL: -4141.442 / Time: 0h:1m:1s (0h:0m:25s left)
Log-likelihood cutoff on original alignment: -4178.329
NOTE: Bootstrap correlation coefficient of split occurrence frequencies: 0.955
NOTE: UFBoot does not converge, continue at least 100 more iterations
Estimate model parameters (epsilon = 0.100)
BETTER TREE FOUND at iteration 207: -4134.298
Iteration 210 / LogL: -4136.648 / Time: 0h:1m:5s (0h:0m:30s left)
Iteration 220 / LogL: -4136.212 / Time: 0h:1m:8s (0h:0m:27s left)
Iteration 230 / LogL: -4142.869 / Time: 0h:1m:11s (0h:0m:24s left)
Iteration 240 / LogL: -4137.586 / Time: 0h:1m:14s (0h:0m:20s left)
Iteration 250 / LogL: -4138.518 / Time: 0h:1m:17s (0h:0m:17s left)
Log-likelihood cutoff on original alignment: -4178.329
Iteration 260 / LogL: -4134.518 / Time: 0h:1m:21s (0h:0m:14s left)
Iteration 270 / LogL: -4139.372 / Time: 0h:1m:24s (0h:0m:11s left)
Iteration 280 / LogL: -4136.170 / Time: 0h:1m:27s (0h:0m:8s left)
Iteration 290 / LogL: -4139.332 / Time: 0h:1m:30s (0h:0m:5s left)
Iteration 300 / LogL: -4136.096 / Time: 0h:1m:33s (0h:0m:2s left)
Log-likelihood cutoff on original alignment: -4178.329
NOTE: Bootstrap correlation coefficient of split occurrence frequencies: 0.972
NOTE: UFBoot does not converge, continue at least 100 more iterations
Iteration 310 / LogL: -4134.312 / Time: 0h:1m:37s (0h:0m:28s left)
Iteration 320 / LogL: -4134.303 / Time: 0h:1m:41s (0h:0m:25s left)
Iteration 330 / LogL: -4143.093 / Time: 0h:1m:44s (0h:0m:22s left)
Iteration 340 / LogL: -4150.420 / Time: 0h:1m:47s (0h:0m:19s left)
Iteration 350 / LogL: -4135.985 / Time: 0h:1m:50s (0h:0m:15s left)
Log-likelihood cutoff on original alignment: -4178.329
Iteration 360 / LogL: -4139.591 / Time: 0h:1m:54s (0h:0m:12s left)
Iteration 370 / LogL: -4134.303 / Time: 0h:1m:58s (0h:0m:9s left)
Iteration 380 / LogL: -4139.342 / Time: 0h:2m:1s (0h:0m:6s left)
Iteration 390 / LogL: -4137.700 / Time: 0h:2m:4s (0h:0m:3s left)
Iteration 400 / LogL: -4140.354 / Time: 0h:2m:8s (0h:0m:0s left)
Log-likelihood cutoff on original alignment: -4178.329
NOTE: Bootstrap correlation coefficient of split occurrence frequencies: 0.990
TREE SEARCH COMPLETED AFTER 400 ITERATIONS / Time: 0h:2m:8s

--------------------------------------------------------------------
|                    FINALIZING TREE SEARCH                        |
--------------------------------------------------------------------
Performs final model parameters optimization
Estimate model parameters (epsilon = 0.010)
1. Initial log-likelihood: -4134.298
Optimal log-likelihood: -4134.298
Rate parameters:  A-C: 1.00000  A-G: 6.29365  A-T: 1.00000  C-G: 1.00000  C-T: 6.29365  G-T: 1.00000
Base frequencies:  A: 0.227  C: 0.279  G: 0.277  T: 0.217
Proportion of invariable sites: 0.953
Gamma shape alpha: 0.020
Parameters optimization took 1 rounds (0.015 sec)
BEST SCORE FOUND : -4134.298
Creating bootstrap support values...
Split supports printed to NEXUS file cyp9k_allhaps.fas.splits.nex
Total tree length: 0.085

Total number of iterations: 400
CPU time used for tree search: 125.171 sec (0h:2m:5s)
Wall-clock time used for tree search: 125.676 sec (0h:2m:5s)
Total CPU time used: 128.930 sec (0h:2m:8s)
Total wall-clock time used: 129.479 sec (0h:2m:9s)

Computing bootstrap consensus tree...
Reading input file cyp9k_allhaps.fas.splits.nex...
168 taxa and 4025 splits.
Consensus tree written to cyp9k_allhaps.fas.contree
Reading input trees file cyp9k_allhaps.fas.contree
Log-likelihood of consensus tree: -4136.206

Analysis results written to: 
  IQ-TREE report:                cyp9k_allhaps.fas.iqtree
  Maximum-likelihood tree:       cyp9k_allhaps.fas.treefile
  Likelihood distances:          cyp9k_allhaps.fas.mldist

Ultrafast bootstrap approximation results written to:
  Split support values:          cyp9k_allhaps.fas.splits.nex
  Consensus tree:                cyp9k_allhaps.fas.contree
  Screen log file:               cyp9k_allhaps.fas.log

Date and Time: Tue Apr 26 16:07:41 2022
