beagle.29May21.d6d.jar (version 5.2)
Copyright (C) 2014-2021 Brian L. Browning
Enter "java -jar beagle.29May21.d6d.jar" to list command line argument
Start time: 09:21 AM BST on 29 Apr 2022

Command line: java -Xmx30688m -jar beagle.29May21.d6d.jar
  gt=cyp9k_geneonly_q30_snps_maf0.05.eff.rn.fix.vcf.gz
  out=cyp9k_geneonly_q30_snps_maf0.05.phased

No genetic map is specified: using 1 cM = 1 Mb

Reference samples:                    0
Study     samples:                  314

Window 1 [AgamP4_X:15240576-15241533]
Reference markers:                   11
Study     markers:                   11

Burnin  iteration 1:           0 seconds
Burnin  iteration 2:           0 seconds
Burnin  iteration 3:           0 seconds

Estimated ne:                  13583932

Phasing iteration 1:           0 seconds
Phasing iteration 2:           0 seconds
Phasing iteration 3:           0 seconds
Phasing iteration 4:           0 seconds
Phasing iteration 5:           0 seconds
Phasing iteration 6:           0 seconds
Phasing iteration 7:           0 seconds
Phasing iteration 8:           0 seconds
Phasing iteration 9:           0 seconds
Phasing iteration 10:          0 seconds
Phasing iteration 11:          0 seconds
Phasing iteration 12:          0 seconds

Cumulative Statistics:

Study     markers:                   11

Haplotype phasing time:        1 second
Total time:                    1 second

End time: 09:21 AM BST on 29 Apr 2022
beagle.29May21.d6d.jar finished
